{
  "RSpec": {
    "coverage": {
      "/home/NIX/sbondarenko/ror/diary2/spec/api/cards_spec.rb": [
        null,
        null,
        1,
        null,
        1,
        8,
        8,
        2,
        3,
        null,
        8,
        null,
        1,
        1,
        1,
        1,
        null,
        null,
        1,
        1,
        null,
        null,
        null,
        null,
        1,
        2,
        1,
        1,
        1,
        null,
        null,
        null,
        1,
        1,
        1,
        1,
        null,
        null,
        null,
        1,
        1,
        1,
        null,
        1,
        null,
        1,
        1,
        null,
        1,
        null,
        null,
        null,
        1,
        1,
        1,
        1,
        null,
        null,
        null
      ],
      "/home/NIX/sbondarenko/ror/diary2/spec/api/days_spec.rb": [
        null,
        null,
        1,
        null,
        1,
        3,
        3,
        null,
        5,
        null,
        1,
        null,
        1,
        1,
        1,
        1,
        null,
        null,
        1,
        1,
        null,
        null,
        null,
        1,
        2,
        2,
        2,
        1,
        1,
        null,
        1,
        null,
        null,
        null,
        1,
        2,
        2,
        1,
        1,
        1,
        null,
        1,
        null,
        null,
        null
      ],
      "/home/NIX/sbondarenko/ror/diary2/spec/api/lists_spec.rb": [
        null,
        null,
        1,
        null,
        1,
        5,
        5,
        null,
        8,
        null,
        1,
        null,
        1,
        1,
        1,
        1,
        null,
        null,
        1,
        1,
        null,
        null,
        null,
        null,
        1,
        2,
        1,
        1,
        1,
        null,
        null,
        1,
        1,
        1,
        1,
        null,
        null,
        1,
        3,
        3,
        1,
        1,
        null,
        1,
        null,
        1,
        1,
        null,
        1,
        null,
        null,
        null,
        1,
        2,
        2,
        2,
        1,
        1,
        null,
        1,
        null,
        null,
        null
      ],
      "/home/NIX/sbondarenko/ror/diary2/spec/api/tasks_spec.rb": [
        null,
        null,
        1,
        null,
        1,
        2,
        11,
        4,
        9,
        null,
        1,
        10,
        null,
        null,
        null,
        1,
        1,
        1,
        1,
        null,
        null,
        1,
        1,
        null,
        null,
        null,
        null,
        1,
        1,
        1,
        null,
        1,
        null,
        null,
        null,
        1,
        1,
        3,
        1,
        1,
        null,
        null,
        1,
        null,
        1,
        1,
        null,
        1,
        null,
        null,
        null,
        1,
        1,
        3,
        1,
        1,
        null,
        null,
        1,
        null,
        1,
        1,
        null,
        null,
        1,
        null,
        null,
        null,
        1,
        1,
        2,
        1,
        1,
        null,
        1,
        null,
        null,
        null,
        1,
        1,
        3,
        1,
        1,
        null,
        1,
        null,
        1,
        1,
        1,
        null,
        null,
        null
      ],
      "/home/NIX/sbondarenko/ror/diary2/spec/api/users_spec.rb": [
        null,
        null,
        1,
        null,
        1,
        2,
        1,
        null,
        1,
        null,
        null,
        null,
        null,
        null,
        null,
        1,
        1,
        1,
        null,
        null,
        1,
        1,
        null,
        null,
        null,
        1,
        1,
        null,
        null,
        null,
        null,
        null,
        null,
        null,
        0,
        0,
        null,
        0,
        0,
        null,
        null,
        null,
        null,
        null,
        null,
        1,
        1,
        2,
        2,
        null,
        1,
        1,
        null,
        null,
        1,
        1,
        null,
        null,
        null
      ],
      "/home/NIX/sbondarenko/ror/diary2/spec/models/card_spec.rb": [
        null,
        null,
        1,
        null,
        1,
        2,
        2,
        null
      ],
      "/home/NIX/sbondarenko/ror/diary2/app/models/card.rb": [
        null,
        null,
        1,
        1,
        1,
        1,
        1,
        null
      ],
      "/home/NIX/sbondarenko/ror/diary2/spec/models/day_spec.rb": [
        null,
        null,
        1,
        null,
        1,
        2,
        2,
        null
      ],
      "/home/NIX/sbondarenko/ror/diary2/app/models/day.rb": [
        null,
        null,
        1,
        1,
        null,
        1,
        1,
        1,
        1,
        1,
        1,
        null,
        1,
        1,
        365,
        365,
        0,
        0,
        null,
        0,
        null,
        null,
        null,
        null
      ],
      "/home/NIX/sbondarenko/ror/diary2/spec/models/list_spec.rb": [
        null,
        null,
        1,
        null,
        1,
        2,
        2,
        2,
        null
      ],
      "/home/NIX/sbondarenko/ror/diary2/app/models/list.rb": [
        null,
        null,
        1,
        1,
        1,
        1,
        8,
        1,
        null
      ],
      "/home/NIX/sbondarenko/ror/diary2/spec/models/task_spec.rb": [
        null,
        null,
        1,
        null,
        1,
        2,
        2,
        2,
        2,
        null
      ],
      "/home/NIX/sbondarenko/ror/diary2/app/models/task.rb": [
        null,
        null,
        1,
        1,
        1,
        1,
        1,
        1,
        1,
        1,
        null,
        1,
        1,
        null,
        1,
        1,
        3,
        1,
        null,
        1,
        2,
        0,
        0,
        null,
        0,
        null,
        null,
        null,
        null
      ],
      "/home/NIX/sbondarenko/ror/diary2/spec/models/user_spec.rb": [
        null,
        null,
        1,
        null,
        1,
        null
      ],
      "/home/NIX/sbondarenko/ror/diary2/app/controllers/user_token_controller.rb": [
        null,
        null,
        1,
        1,
        null
      ],
      "/home/NIX/sbondarenko/ror/diary2/app/controllers/api/cards_controller.rb": [
        null,
        null,
        1,
        1,
        1,
        1,
        1,
        1,
        null,
        1,
        7,
        7,
        null,
        null,
        1,
        1,
        null,
        null,
        1,
        1,
        null,
        null,
        1,
        null,
        1,
        2,
        2,
        1,
        null,
        1,
        null,
        null,
        null,
        1,
        0,
        0,
        null,
        0,
        null,
        null,
        null,
        1,
        1,
        1,
        null,
        null,
        1,
        0,
        0,
        null,
        null,
        1,
        null,
        1,
        2,
        null,
        null,
        1,
        2,
        null,
        null,
        null
      ],
      "/home/NIX/sbondarenko/ror/diary2/app/controllers/api/api_controller.rb": [
        null,
        null,
        1,
        1,
        1,
        1,
        1,
        null,
        1,
        1,
        1,
        null,
        1,
        null,
        null
      ],
      "/home/NIX/sbondarenko/ror/diary2/app/controllers/application_controller.rb": [
        null,
        null,
        1,
        null,
        null
      ],
      "/home/NIX/sbondarenko/ror/diary2/app/controllers/api/concerns/response.rb": [
        null,
        null,
        1,
        1,
        1,
        1,
        1,
        null,
        null,
        null,
        null
      ],
      "/home/NIX/sbondarenko/ror/diary2/app/controllers/api/concerns/exception_handler.rb": [
        null,
        null,
        1,
        1,
        1,
        1,
        null,
        1,
        1,
        0,
        null,
        1,
        0,
        null,
        null,
        null,
        null,
        null
      ],
      "/home/NIX/sbondarenko/ror/diary2/app/controllers/api/days_controller.rb": [
        null,
        null,
        1,
        1,
        1,
        null,
        1,
        5,
        4,
        4,
        null,
        1,
        1,
        1,
        null,
        null,
        null,
        1,
        0,
        null,
        null,
        1,
        null,
        1,
        null,
        1,
        1,
        1,
        null,
        0,
        null,
        null,
        null,
        1,
        null,
        1,
        null,
        1,
        1,
        null,
        null,
        1,
        1,
        null,
        null,
        null
      ],
      "/home/NIX/sbondarenko/ror/diary2/app/controllers/api/lists_controller.rb": [
        null,
        null,
        1,
        1,
        1,
        1,
        null,
        1,
        1,
        null,
        1,
        7,
        7,
        null,
        null,
        1,
        1,
        null,
        null,
        1,
        1,
        null,
        null,
        1,
        null,
        1,
        2,
        2,
        1,
        null,
        1,
        null,
        null,
        null,
        1,
        1,
        1,
        null,
        0,
        null,
        null,
        null,
        1,
        0,
        null,
        0,
        0,
        null,
        0,
        null,
        null,
        null,
        1,
        0,
        0,
        null,
        null,
        1,
        null,
        1,
        2,
        null,
        null,
        1,
        3,
        null,
        null,
        null
      ],
      "/home/NIX/sbondarenko/ror/diary2/app/controllers/api/tasks_controller.rb": [
        null,
        null,
        1,
        1,
        1,
        1,
        1,
        1,
        null,
        1,
        10,
        10,
        null,
        null,
        1,
        1,
        null,
        null,
        1,
        2,
        2,
        1,
        null,
        1,
        null,
        null,
        null,
        1,
        null,
        1,
        2,
        1,
        null,
        1,
        null,
        null,
        null,
        1,
        1,
        1,
        1,
        1,
        null,
        0,
        null,
        null,
        null,
        1,
        1,
        1,
        1,
        1,
        1,
        2,
        1,
        0,
        0,
        null,
        null,
        null,
        null,
        null,
        null,
        null,
        0,
        null,
        null,
        1,
        null,
        null,
        1,
        2,
        null,
        null,
        1,
        null,
        1,
        3,
        null,
        null,
        1,
        2,
        null,
        null,
        1,
        0,
        null,
        null,
        1,
        4,
        null,
        null,
        null
      ],
      "/home/NIX/sbondarenko/ror/diary2/app/controllers/api/users_controller.rb": [
        null,
        null,
        1,
        1,
        1,
        1,
        1,
        1,
        1,
        1,
        null,
        null,
        1,
        1,
        1,
        null,
        null,
        1,
        null,
        1,
        1,
        null,
        null,
        1,
        1,
        null,
        null,
        null
      ]
    },
    "timestamp": 1553185335
  }
}
